{"meta": {"format": 3, "version": "7.10.6", "timestamp": "2025-11-21T12:36:27.828366", "branch_coverage": false, "show_contexts": false}, "files": {"src/arbiter/arbiter_controller.py": {"executed_lines": [1, 7, 9, 10, 13, 15, 17, 20, 21, 24, 25, 26, 28, 29, 31, 32, 34, 35, 36, 40, 41, 42, 43, 45, 46, 47, 48], "summary": {"covered_lines": 24, "num_statements": 29, "percent_covered": 82.75862068965517, "percent_covered_display": "83", "missing_lines": 5, "excluded_lines": 0}, "missing_lines": [14, 16, 18, 33, 38], "excluded_lines": [], "functions": {"SDRModule.start": {"executed_lines": [], "summary": {"covered_lines": 0, "num_statements": 1, "percent_covered": 0.0, "percent_covered_display": "0", "missing_lines": 1, "excluded_lines": 0}, "missing_lines": [14], "excluded_lines": []}, "SDRModule.stop": {"executed_lines": [], "summary": {"covered_lines": 0, "num_statements": 1, "percent_covered": 0.0, "percent_covered_display": "0", "missing_lines": 1, "excluded_lines": 0}, "missing_lines": [16], "excluded_lines": []}, "SDRModule.get_status": {"executed_lines": [], "summary": {"covered_lines": 0, "num_statements": 1, "percent_covered": 0.0, "percent_covered_display": "0", "missing_lines": 1, "excluded_lines": 0}, "missing_lines": [18], "excluded_lines": []}, "Arbiter.__init__": {"executed_lines": [25, 26], "summary": {"covered_lines": 2, "num_statements": 2, "percent_covered": 100.0, "percent_covered_display": "100", "missing_lines": 0, "excluded_lines": 0}, "missing_lines": [], "excluded_lines": []}, "Arbiter.register_module": {"executed_lines": [29], "summary": {"covered_lines": 1, "num_statements": 1, "percent_covered": 100.0, "percent_covered_display": "100", "missing_lines": 0, "excluded_lines": 0}, "missing_lines": [], "excluded_lines": []}, "Arbiter.switch_to": {"executed_lines": [32, 34, 35, 36], "summary": {"covered_lines": 4, "num_statements": 6, "percent_covered": 66.66666666666667, "percent_covered_display": "67", "missing_lines": 2, "excluded_lines": 0}, "missing_lines": [33, 38], "excluded_lines": []}, "Arbiter.get_active_status": {"executed_lines": [41, 42, 43], "summary": {"covered_lines": 3, "num_statements": 3, "percent_covered": 100.0, "percent_covered_display": "100", "missing_lines": 0, "excluded_lines": 0}, "missing_lines": [], "excluded_lines": []}, "Arbiter.stop_all": {"executed_lines": [46, 47, 48], "summary": {"covered_lines": 3, "num_statements": 3, "percent_covered": 100.0, "percent_covered_display": "100", "missing_lines": 0, "excluded_lines": 0}, "missing_lines": [], "excluded_lines": []}, "": {"executed_lines": [1, 7, 9, 10, 13, 15, 17, 20, 21, 24, 28, 31, 40, 45], "summary": {"covered_lines": 11, "num_statements": 11, "percent_covered": 100.0, "percent_covered_display": "100", "missing_lines": 0, "excluded_lines": 0}, "missing_lines": [], "excluded_lines": []}}, "classes": {"SDRModule": {"executed_lines": [], "summary": {"covered_lines": 0, "num_statements": 3, "percent_covered": 0.0, "percent_covered_display": "0", "missing_lines": 3, "excluded_lines": 0}, "missing_lines": [14, 16, 18], "excluded_lines": []}, "Arbiter": {"executed_lines": [25, 26, 29, 32, 34, 35, 36, 41, 42, 43, 46, 47, 48], "summary": {"covered_lines": 13, "num_statements": 15, "percent_covered": 86.66666666666667, "percent_covered_display": "87", "missing_lines": 2, "excluded_lines": 0}, "missing_lines": [33, 38], "excluded_lines": []}, "": {"executed_lines": [1, 7, 9, 10, 13, 15, 17, 20, 21, 24, 28, 31, 40, 45], "summary": {"covered_lines": 11, "num_statements": 11, "percent_covered": 100.0, "percent_covered_display": "100", "missing_lines": 0, "excluded_lines": 0}, "missing_lines": [], "excluded_lines": []}}}, "src/arbiter/service.py": {"executed_lines": [1, 3, 5, 6, 7, 9, 11, 14, 15, 17, 18, 19, 20, 21, 23, 24, 25, 27, 28, 30, 31, 39, 42, 43, 46, 47, 51, 52, 58, 59, 60, 61, 62, 63, 64, 67, 68, 69, 70, 71, 72, 73, 74, 75, 76, 77, 80, 81, 82, 83, 85, 86, 89, 92, 93, 94, 95, 97, 98, 99, 102, 103, 104, 105, 110, 113, 114, 115, 116], "summary": {"covered_lines": 63, "num_statements": 71, "percent_covered": 88.73239436619718, "percent_covered_display": "89", "missing_lines": 8, "excluded_lines": 4}, "missing_lines": [48, 53, 54, 55, 84, 87, 88, 96], "excluded_lines": [113, 114, 115, 116], "functions": {"ManagedModule.__init__": {"executed_lines": [18, 19, 20, 21], "summary": {"covered_lines": 4, "num_statements": 4, "percent_covered": 100.0, "percent_covered_display": "100", "missing_lines": 0, "excluded_lines": 0}, "missing_lines": [], "excluded_lines": []}, "ManagedModule.start": {"executed_lines": [24, 25], "summary": {"covered_lines": 2, "num_statements": 2, "percent_covered": 100.0, "percent_covered_display": "100", "missing_lines": 0, "excluded_lines": 0}, "missing_lines": [], "excluded_lines": []}, "ManagedModule.stop": {"executed_lines": [28], "summary": {"covered_lines": 1, "num_statements": 1, "percent_covered": 100.0, "percent_covered_display": "100", "missing_lines": 0, "excluded_lines": 0}, "missing_lines": [], "excluded_lines": []}, "ManagedModule.get_status": {"executed_lines": [31], "summary": {"covered_lines": 1, "num_statements": 1, "percent_covered": 100.0, "percent_covered_display": "100", "missing_lines": 0, "excluded_lines": 0}, "missing_lines": [], "excluded_lines": []}, "health": {"executed_lines": [], "summary": {"covered_lines": 0, "num_statements": 1, "percent_covered": 0.0, "percent_covered_display": "0", "missing_lines": 1, "excluded_lines": 0}, "missing_lines": [48], "excluded_lines": []}, "list_modules": {"executed_lines": [], "summary": {"covered_lines": 0, "num_statements": 3, "percent_covered": 0.0, "percent_covered_display": "0", "missing_lines": 3, "excluded_lines": 0}, "missing_lines": [53, 54, 55], "excluded_lines": []}, "stop_active_module": {"executed_lines": [60, 61, 62, 63, 64], "summary": {"covered_lines": 5, "num_statements": 5, "percent_covered": 100.0, "percent_covered_display": "100", "missing_lines": 0, "excluded_lines": 0}, "missing_lines": [], "excluded_lines": []}, "register_module": {"executed_lines": [69, 70, 71, 72, 73, 74, 75, 76, 77], "summary": {"covered_lines": 9, "num_statements": 9, "percent_covered": 100.0, "percent_covered_display": "100", "missing_lines": 0, "excluded_lines": 0}, "missing_lines": [], "excluded_lines": []}, "delete_module": {"executed_lines": [82, 83, 85, 86, 89], "summary": {"covered_lines": 5, "num_statements": 8, "percent_covered": 62.5, "percent_covered_display": "62", "missing_lines": 3, "excluded_lines": 0}, "missing_lines": [84, 87, 88], "excluded_lines": []}, "activate_module": {"executed_lines": [94, 95, 97, 98, 99], "summary": {"covered_lines": 5, "num_statements": 6, "percent_covered": 83.33333333333333, "percent_covered_display": "83", "missing_lines": 1, "excluded_lines": 0}, "missing_lines": [96], "excluded_lines": []}, "get_status": {"executed_lines": [104, 105, 110], "summary": {"covered_lines": 3, "num_statements": 3, "percent_covered": 100.0, "percent_covered_display": "100", "missing_lines": 0, "excluded_lines": 0}, "missing_lines": [], "excluded_lines": []}, "_reset_for_testing": {"executed_lines": [114, 115, 116], "summary": {"covered_lines": 0, "num_statements": 0, "percent_covered": 100.0, "percent_covered_display": "100", "missing_lines": 0, "excluded_lines": 3}, "missing_lines": [], "excluded_lines": [114, 115, 116]}, "": {"executed_lines": [1, 3, 5, 6, 7, 9, 11, 14, 15, 17, 23, 27, 30, 39, 42, 43, 46, 47, 51, 52, 58, 59, 67, 68, 80, 81, 92, 93, 102, 103, 113], "summary": {"covered_lines": 28, "num_statements": 28, "percent_covered": 100.0, "percent_covered_display": "100", "missing_lines": 0, "excluded_lines": 1}, "missing_lines": [], "excluded_lines": [113]}}, "classes": {"ManagedModule": {"executed_lines": [18, 19, 20, 21, 24, 25, 28, 31], "summary": {"covered_lines": 8, "num_statements": 8, "percent_covered": 100.0, "percent_covered_display": "100", "missing_lines": 0, "excluded_lines": 0}, "missing_lines": [], "excluded_lines": []}, "": {"executed_lines": [1, 3, 5, 6, 7, 9, 11, 14, 15, 17, 23, 27, 30, 39, 42, 43, 46, 47, 51, 52, 58, 59, 60, 61, 62, 63, 64, 67, 68, 69, 70, 71, 72, 73, 74, 75, 76, 77, 80, 81, 82, 83, 85, 86, 89, 92, 93, 94, 95, 97, 98, 99, 102, 103, 104, 105, 110, 113, 114, 115, 116], "summary": {"covered_lines": 55, "num_statements": 63, "percent_covered": 87.3015873015873, "percent_covered_display": "87", "missing_lines": 8, "excluded_lines": 4}, "missing_lines": [48, 53, 54, 55, 84, 87, 88, 96], "excluded_lines": [113, 114, 115, 116]}}}, "src/database_api/adsb_db.py": {"executed_lines": [2, 3, 4, 5, 6, 7, 8, 9, 12, 20, 21, 22, 23, 24, 25, 29, 30, 31, 32, 33, 34, 38, 39, 40, 43, 44, 46, 47, 49, 50, 51, 52, 53, 54, 55, 56, 57, 58, 59, 60, 61, 65, 66, 67, 73, 74, 75, 77, 78, 80, 81, 83, 89, 90, 91, 92, 93, 94, 95, 100, 133, 134, 136, 137, 138, 143, 146, 147, 148, 149, 150, 153, 154, 158, 159, 160, 161, 162, 167, 168, 169, 173, 174, 175, 179, 181, 185, 190], "summary": {"covered_lines": 88, "num_statements": 109, "percent_covered": 80.73394495412845, "percent_covered_display": "81", "missing_lines": 21, "excluded_lines": 0}, "missing_lines": [35, 36, 41, 42, 62, 63, 68, 69, 70, 71, 72, 96, 97, 139, 140, 141, 144, 151, 152, 155, 156], "excluded_lines": [], "functions": {"DBWorker.__init__": {"executed_lines": [31, 32, 33, 34, 38, 39, 40, 43, 44, 46, 47], "summary": {"covered_lines": 11, "num_statements": 15, "percent_covered": 73.33333333333333, "percent_covered_display": "73", "missing_lines": 4, "excluded_lines": 0}, "missing_lines": [35, 36, 41, 42], "excluded_lines": []}, "DBWorker.run": {"executed_lines": [50, 51, 52, 53, 54, 55, 56, 57, 58, 59, 60, 61, 65, 66, 67, 73, 74, 75], "summary": {"covered_lines": 18, "num_statements": 25, "percent_covered": 72.0, "percent_covered_display": "72", "missing_lines": 7, "excluded_lines": 0}, "missing_lines": [62, 63, 68, 69, 70, 71, 72], "excluded_lines": []}, "DBWorker.stop": {"executed_lines": [78], "summary": {"covered_lines": 1, "num_statements": 1, "percent_covered": 100.0, "percent_covered_display": "100", "missing_lines": 0, "excluded_lines": 0}, "missing_lines": [], "excluded_lines": []}, "DBWorker.enqueue": {"executed_lines": [81], "summary": {"covered_lines": 1, "num_statements": 1, "percent_covered": 100.0, "percent_covered_display": "100", "missing_lines": 0, "excluded_lines": 0}, "missing_lines": [], "excluded_lines": []}, "DBWorker._init_schema": {"executed_lines": [89, 90, 91, 92, 93, 94, 95, 100, 133, 134], "summary": {"covered_lines": 10, "num_statements": 12, "percent_covered": 83.33333333333333, "percent_covered_display": "83", "missing_lines": 2, "excluded_lines": 0}, "missing_lines": [96, 97], "excluded_lines": []}, "DBWorker._ensure_path_columns": {"executed_lines": [137, 138, 143, 146, 147, 148, 149, 150, 153, 154], "summary": {"covered_lines": 10, "num_statements": 18, "percent_covered": 55.55555555555556, "percent_covered_display": "56", "missing_lines": 8, "excluded_lines": 0}, "missing_lines": [139, 140, 141, 144, 151, 152, 155, 156], "excluded_lines": []}, "DBWorker._handle": {"executed_lines": [159, 160, 161, 162, 167, 168, 169, 173, 174, 175, 179, 181, 185, 190], "summary": {"covered_lines": 14, "num_statements": 14, "percent_covered": 100.0, "percent_covered_display": "100", "missing_lines": 0, "excluded_lines": 0}, "missing_lines": [], "excluded_lines": []}, "": {"executed_lines": [2, 3, 4, 5, 6, 7, 8, 9, 12, 20, 21, 22, 23, 24, 25, 29, 30, 49, 77, 80, 83, 136, 158], "summary": {"covered_lines": 23, "num_statements": 23, "percent_covered": 100.0, "percent_covered_display": "100", "missing_lines": 0, "excluded_lines": 0}, "missing_lines": [], "excluded_lines": []}}, "classes": {"AircraftState": {"executed_lines": [], "summary": {"covered_lines": 0, "num_statements": 0, "percent_covered": 100.0, "percent_covered_display": "100", "missing_lines": 0, "excluded_lines": 0}, "missing_lines": [], "excluded_lines": []}, "DBWorker": {"executed_lines": [31, 32, 33, 34, 38, 39, 40, 43, 44, 46, 47, 50, 51, 52, 53, 54, 55, 56, 57, 58, 59, 60, 61, 65, 66, 67, 73, 74, 75, 78, 81, 89, 90, 91, 92, 93, 94, 95, 100, 133, 134, 137, 138, 143, 146, 147, 148, 149, 150, 153, 154, 159, 160, 161, 162, 167, 168, 169, 173, 174, 175, 179, 181, 185, 190], "summary": {"covered_lines": 65, "num_statements": 86, "percent_covered": 75.5813953488372, "percent_covered_display": "76", "missing_lines": 21, "excluded_lines": 0}, "missing_lines": [35, 36, 41, 42, 62, 63, 68, 69, 70, 71, 72, 96, 97, 139, 140, 141, 144, 151, 152, 155, 156], "excluded_lines": []}, "": {"executed_lines": [2, 3, 4, 5, 6, 7, 8, 9, 12, 20, 21, 22, 23, 24, 25, 29, 30, 49, 77, 80, 83, 136, 158], "summary": {"covered_lines": 23, "num_statements": 23, "percent_covered": 100.0, "percent_covered_display": "100", "missing_lines": 0, "excluded_lines": 0}, "missing_lines": [], "excluded_lines": []}}}, "src/database_api/adsb_module.py": {"executed_lines": [1, 3, 5, 6, 7, 8, 9, 10, 11, 13, 14, 17, 20, 21, 22, 23, 24, 25, 28, 36, 43, 44, 45, 46, 47, 48, 50, 51, 52, 56, 57, 59, 60, 61, 62, 63, 66, 67, 70, 73, 74, 79, 82, 83, 84, 85, 86, 89, 90, 95, 96, 97, 98, 99, 100, 103, 113, 117, 141, 159, 174, 175, 184, 185, 189, 190, 226, 271, 316, 351, 355, 366, 367, 375, 376, 384, 385, 396, 397, 402, 403, 415, 416, 427, 428, 439], "summary": {"covered_lines": 85, "num_statements": 176, "percent_covered": 48.29545454545455, "percent_covered_display": "48", "missing_lines": 91, "excluded_lines": 7}, "missing_lines": [37, 38, 39, 40, 49, 53, 58, 80, 91, 92, 104, 105, 106, 107, 108, 109, 110, 114, 118, 137, 138, 142, 160, 161, 162, 163, 164, 165, 166, 167, 168, 169, 170, 171, 176, 177, 178, 179, 180, 181, 186, 191, 223, 227, 267, 268, 272, 312, 313, 317, 318, 319, 320, 321, 322, 330, 331, 332, 338, 339, 352, 358, 359, 369, 370, 371, 372, 378, 379, 380, 381, 386, 387, 388, 398, 399, 404, 405, 406, 407, 408, 409, 411, 412, 417, 418, 419, 420, 429, 430, 431], "excluded_lines": [64, 65, 75, 76, 77, 87, 88], "functions": {"_get_logger": {"executed_lines": [], "summary": {"covered_lines": 0, "num_statements": 4, "percent_covered": 0.0, "percent_covered_display": "0", "missing_lines": 4, "excluded_lines": 0}, "missing_lines": [37, 38, 39, 40], "excluded_lines": []}, "_get_db_path": {"executed_lines": [44, 45, 46, 47, 48, 50, 51, 52], "summary": {"covered_lines": 8, "num_statements": 10, "percent_covered": 80.0, "percent_covered_display": "80", "missing_lines": 2, "excluded_lines": 0}, "missing_lines": [49, 53], "excluded_lines": []}, "_ensure_schema": {"executed_lines": [57, 59, 60, 61, 62, 63, 66, 67], "summary": {"covered_lines": 8, "num_statements": 9, "percent_covered": 88.88888888888889, "percent_covered_display": "89", "missing_lines": 1, "excluded_lines": 2}, "missing_lines": [58], "excluded_lines": [64, 65]}, "_ensure_path_columns": {"executed_lines": [73, 74, 79, 82, 83, 84, 85, 86, 89, 90], "summary": {"covered_lines": 10, "num_statements": 13, "percent_covered": 76.92307692307692, "percent_covered_display": "77", "missing_lines": 3, "excluded_lines": 5}, "missing_lines": [80, 91, 92], "excluded_lines": [75, 76, 77, 87, 88]}, "_get_connection": {"executed_lines": [96, 97, 98, 99, 100], "summary": {"covered_lines": 5, "num_statements": 5, "percent_covered": 100.0, "percent_covered_display": "100", "missing_lines": 0, "excluded_lines": 0}, "missing_lines": [], "excluded_lines": []}, "_format_timestamp": {"executed_lines": [], "summary": {"covered_lines": 0, "num_statements": 7, "percent_covered": 0.0, "percent_covered_display": "0", "missing_lines": 7, "excluded_lines": 0}, "missing_lines": [104, 105, 106, 107, 108, 109, 110], "excluded_lines": []}, "_filter_recent_aircraft": {"executed_lines": [], "summary": {"covered_lines": 0, "num_statements": 1, "percent_covered": 0.0, "percent_covered_display": "0", "missing_lines": 1, "excluded_lines": 0}, "missing_lines": [114], "excluded_lines": []}, "_query_path_history": {"executed_lines": [], "summary": {"covered_lines": 0, "num_statements": 3, "percent_covered": 0.0, "percent_covered_display": "0", "missing_lines": 3, "excluded_lines": 0}, "missing_lines": [118, 137, 138], "excluded_lines": []}, "_serialize_path": {"executed_lines": [], "summary": {"covered_lines": 0, "num_statements": 1, "percent_covered": 0.0, "percent_covered_display": "0", "missing_lines": 1, "excluded_lines": 0}, "missing_lines": [142], "excluded_lines": []}, "_compute_map_center": {"executed_lines": [], "summary": {"covered_lines": 0, "num_statements": 12, "percent_covered": 0.0, "percent_covered_display": "0", "missing_lines": 12, "excluded_lines": 0}, "missing_lines": [160, 161, 162, 163, 164, 165, 166, 167, 168, 169, 170, 171], "excluded_lines": []}, "_format_coord_filter": {"executed_lines": [], "summary": {"covered_lines": 0, "num_statements": 6, "percent_covered": 0.0, "percent_covered_display": "0", "missing_lines": 6, "excluded_lines": 0}, "missing_lines": [176, 177, 178, 179, 180, 181], "excluded_lines": []}, "_inject_template_globals": {"executed_lines": [], "summary": {"covered_lines": 0, "num_statements": 1, "percent_covered": 0.0, "percent_covered_display": "0", "missing_lines": 1, "excluded_lines": 0}, "missing_lines": [186], "excluded_lines": []}, "dashboard": {"executed_lines": [], "summary": {"covered_lines": 0, "num_statements": 2, "percent_covered": 0.0, "percent_covered_display": "0", "missing_lines": 2, "excluded_lines": 0}, "missing_lines": [191, 223], "excluded_lines": []}, "_query_all_aircraft": {"executed_lines": [], "summary": {"covered_lines": 0, "num_statements": 3, "percent_covered": 0.0, "percent_covered_display": "0", "missing_lines": 3, "excluded_lines": 0}, "missing_lines": [227, 267, 268], "excluded_lines": []}, "_query_aircraft": {"executed_lines": [], "summary": {"covered_lines": 0, "num_statements": 3, "percent_covered": 0.0, "percent_covered_display": "0", "missing_lines": 3, "excluded_lines": 0}, "missing_lines": [272, 312, 313], "excluded_lines": []}, "_serialize_aircraft": {"executed_lines": [], "summary": {"covered_lines": 0, "num_statements": 11, "percent_covered": 0.0, "percent_covered_display": "0", "missing_lines": 11, "excluded_lines": 0}, "missing_lines": [317, 318, 319, 320, 321, 322, 330, 331, 332, 338, 339], "excluded_lines": []}, "get_aircraft_data": {"executed_lines": [], "summary": {"covered_lines": 0, "num_statements": 1, "percent_covered": 0.0, "percent_covered_display": "0", "missing_lines": 1, "excluded_lines": 0}, "missing_lines": [352], "excluded_lines": []}, "get_recent_aircraft": {"executed_lines": [], "summary": {"covered_lines": 0, "num_statements": 2, "percent_covered": 0.0, "percent_covered_display": "0", "missing_lines": 2, "excluded_lines": 0}, "missing_lines": [358, 359], "excluded_lines": []}, "api_aircraft": {"executed_lines": [], "summary": {"covered_lines": 0, "num_statements": 4, "percent_covered": 0.0, "percent_covered_display": "0", "missing_lines": 4, "excluded_lines": 0}, "missing_lines": [369, 370, 371, 372], "excluded_lines": []}, "api_aircraft_detail": {"executed_lines": [], "summary": {"covered_lines": 0, "num_statements": 4, "percent_covered": 0.0, "percent_covered_display": "0", "missing_lines": 4, "excluded_lines": 0}, "missing_lines": [378, 379, 380, 381], "excluded_lines": []}, "live_data": {"executed_lines": [], "summary": {"covered_lines": 0, "num_statements": 3, "percent_covered": 0.0, "percent_covered_display": "0", "missing_lines": 3, "excluded_lines": 0}, "missing_lines": [386, 387, 388], "excluded_lines": []}, "historical_data": {"executed_lines": [], "summary": {"covered_lines": 0, "num_statements": 2, "percent_covered": 0.0, "percent_covered_display": "0", "missing_lines": 2, "excluded_lines": 0}, "missing_lines": [398, 399], "excluded_lines": []}, "icao_lookup": {"executed_lines": [], "summary": {"covered_lines": 0, "num_statements": 8, "percent_covered": 0.0, "percent_covered_display": "0", "missing_lines": 8, "excluded_lines": 0}, "missing_lines": [404, 405, 406, 407, 408, 409, 411, 412], "excluded_lines": []}, "flight_paths": {"executed_lines": [], "summary": {"covered_lines": 0, "num_statements": 4, "percent_covered": 0.0, "percent_covered_display": "0", "missing_lines": 4, "excluded_lines": 0}, "missing_lines": [417, 418, 419, 420], "excluded_lines": []}, "live_map": {"executed_lines": [], "summary": {"covered_lines": 0, "num_statements": 3, "percent_covered": 0.0, "percent_covered_display": "0", "missing_lines": 3, "excluded_lines": 0}, "missing_lines": [429, 430, 431], "excluded_lines": []}, "": {"executed_lines": [1, 3, 5, 6, 7, 8, 9, 10, 11, 13, 14, 17, 20, 21, 22, 23, 24, 25, 28, 36, 43, 56, 70, 95, 103, 113, 117, 141, 159, 174, 175, 184, 185, 189, 190, 226, 271, 316, 351, 355, 366, 367, 375, 376, 384, 385, 396, 397, 402, 403, 415, 416, 427, 428, 439], "summary": {"covered_lines": 54, "num_statements": 54, "percent_covered": 100.0, "percent_covered_display": "100", "missing_lines": 0, "excluded_lines": 0}, "missing_lines": [], "excluded_lines": []}}, "classes": {"": {"executed_lines": [1, 3, 5, 6, 7, 8, 9, 10, 11, 13, 14, 17, 20, 21, 22, 23, 24, 25, 28, 36, 43, 44, 45, 46, 47, 48, 50, 51, 52, 56, 57, 59, 60, 61, 62, 63, 66, 67, 70, 73, 74, 79, 82, 83, 84, 85, 86, 89, 90, 95, 96, 97, 98, 99, 100, 103, 113, 117, 141, 159, 174, 175, 184, 185, 189, 190, 226, 271, 316, 351, 355, 366, 367, 375, 376, 384, 385, 396, 397, 402, 403, 415, 416, 427, 428, 439], "summary": {"covered_lines": 85, "num_statements": 176, "percent_covered": 48.29545454545455, "percent_covered_display": "48", "missing_lines": 91, "excluded_lines": 7}, "missing_lines": [37, 38, 39, 40, 49, 53, 58, 80, 91, 92, 104, 105, 106, 107, 108, 109, 110, 114, 118, 137, 138, 142, 160, 161, 162, 163, 164, 165, 166, 167, 168, 169, 170, 171, 176, 177, 178, 179, 180, 181, 186, 191, 223, 227, 267, 268, 272, 312, 313, 317, 318, 319, 320, 321, 322, 330, 331, 332, 338, 339, 352, 358, 359, 369, 370, 371, 372, 378, 379, 380, 381, 386, 387, 388, 398, 399, 404, 405, 406, 407, 408, 409, 411, 412, 417, 418, 419, 420, 429, 430, 431], "excluded_lines": [64, 65, 75, 76, 77, 87, 88]}}}, "src/database_api/adsb_subscriber.py": {"executed_lines": [1, 2, 3, 4, 5, 6, 7, 8, 9, 11, 12, 14, 15, 19, 20, 29, 30, 32, 34, 35, 36, 37, 38, 39, 40, 41, 43, 45, 46, 47, 48, 51, 52, 53, 54, 56, 62, 63, 64, 65, 66, 67, 68, 69, 70, 71, 72, 73, 74, 75, 76, 85, 86, 87, 88, 89, 94, 98, 99, 102, 103, 104, 105, 106, 107, 108, 109, 111, 112, 113, 114, 120, 121, 124, 127, 131, 132, 133, 134, 137, 138, 139, 140, 147, 148, 150, 151, 152, 158, 160, 162, 163, 164, 165, 166, 173, 174, 175, 177, 178, 179, 193, 195, 207, 227, 260, 261, 262, 264, 268, 270, 271, 272, 273, 274, 275, 276, 278, 281, 282, 284, 285, 287, 288, 289, 292, 293, 294, 297, 303, 304, 310, 312, 313, 315, 316, 317, 318, 320, 328], "summary": {"covered_lines": 139, "num_statements": 192, "percent_covered": 72.39583333333333, "percent_covered_display": "72", "missing_lines": 53, "excluded_lines": 2}, "missing_lines": [24, 25, 26, 50, 77, 78, 84, 122, 135, 136, 202, 203, 204, 205, 217, 218, 219, 220, 221, 222, 223, 224, 225, 233, 235, 236, 238, 240, 241, 244, 247, 248, 249, 250, 253, 254, 255, 256, 258, 259, 279, 286, 325, 329, 330, 331, 332, 333, 334, 335, 336, 339, 340], "excluded_lines": [16, 17], "functions": {"ADSBSubscriber.__init__": {"executed_lines": [34, 35, 36, 37, 38, 39, 40, 41], "summary": {"covered_lines": 8, "num_statements": 8, "percent_covered": 100.0, "percent_covered_display": "100", "missing_lines": 0, "excluded_lines": 0}, "missing_lines": [], "excluded_lines": []}, "ADSBSubscriber.setup_db": {"executed_lines": [45, 46, 47, 48, 51, 52, 53, 54], "summary": {"covered_lines": 8, "num_statements": 9, "percent_covered": 88.88888888888889, "percent_covered_display": "89", "missing_lines": 1, "excluded_lines": 0}, "missing_lines": [50], "excluded_lines": []}, "ADSBSubscriber.connect_and_listen": {"executed_lines": [62, 63, 64, 65, 66, 67, 68, 69, 70, 71, 72, 73, 74, 75, 76, 85, 86, 87, 88, 89, 94, 98, 99, 102, 103, 104, 105, 106, 107, 108, 109, 111, 112, 113, 114, 120, 121, 124], "summary": {"covered_lines": 38, "num_statements": 42, "percent_covered": 90.47619047619048, "percent_covered_display": "90", "missing_lines": 4, "excluded_lines": 0}, "missing_lines": [77, 78, 84, 122], "excluded_lines": []}, "ADSBSubscriber.save_to_db": {"executed_lines": [131, 132, 133, 134, 137, 138, 139, 140, 147, 148, 150, 151, 152, 158, 160, 162, 163, 164, 165, 166, 173, 174, 175, 177, 178, 179, 193], "summary": {"covered_lines": 27, "num_statements": 29, "percent_covered": 93.10344827586206, "percent_covered_display": "93", "missing_lines": 2, "excluded_lines": 0}, "missing_lines": [135, 136], "excluded_lines": []}, "ADSBSubscriber.get_tcp_metrics": {"executed_lines": [], "summary": {"covered_lines": 0, "num_statements": 4, "percent_covered": 0.0, "percent_covered_display": "0", "missing_lines": 4, "excluded_lines": 0}, "missing_lines": [202, 203, 204, 205], "excluded_lines": []}, "ADSBSubscriber.export_tcp_metrics": {"executed_lines": [], "summary": {"covered_lines": 0, "num_statements": 9, "percent_covered": 0.0, "percent_covered_display": "0", "missing_lines": 9, "excluded_lines": 0}, "missing_lines": [217, 218, 219, 220, 221, 222, 223, 224, 225], "excluded_lines": []}, "ADSBSubscriber._export_metrics_on_shutdown": {"executed_lines": [], "summary": {"covered_lines": 0, "num_statements": 17, "percent_covered": 0.0, "percent_covered_display": "0", "missing_lines": 17, "excluded_lines": 0}, "missing_lines": [233, 235, 236, 238, 240, 241, 244, 247, 248, 249, 250, 253, 254, 255, 256, 258, 259], "excluded_lines": []}, "print_aircraft_data": {"executed_lines": [261, 262, 264, 268, 270, 271, 272, 273, 274, 275, 276, 278, 281, 282, 284, 285, 287, 288, 289], "summary": {"covered_lines": 19, "num_statements": 21, "percent_covered": 90.47619047619048, "percent_covered_display": "90", "missing_lines": 2, "excluded_lines": 0}, "missing_lines": [279, 286], "excluded_lines": []}, "main": {"executed_lines": [293, 294, 297, 303, 304, 310, 312, 313, 315, 320], "summary": {"covered_lines": 10, "num_statements": 11, "percent_covered": 90.9090909090909, "percent_covered_display": "91", "missing_lines": 1, "excluded_lines": 0}, "missing_lines": [325], "excluded_lines": []}, "main.periodic_db_save": {"executed_lines": [316, 317, 318], "summary": {"covered_lines": 3, "num_statements": 3, "percent_covered": 100.0, "percent_covered_display": "100", "missing_lines": 0, "excluded_lines": 0}, "missing_lines": [], "excluded_lines": []}, "": {"executed_lines": [1, 2, 3, 4, 5, 6, 7, 8, 9, 11, 12, 14, 15, 19, 20, 29, 30, 32, 43, 56, 127, 195, 207, 227, 260, 292, 328], "summary": {"covered_lines": 26, "num_statements": 39, "percent_covered": 66.66666666666667, "percent_covered_display": "67", "missing_lines": 13, "excluded_lines": 2}, "missing_lines": [24, 25, 26, 329, 330, 331, 332, 333, 334, 335, 336, 339, 340], "excluded_lines": [16, 17]}}, "classes": {"ADSBSubscriber": {"executed_lines": [34, 35, 36, 37, 38, 39, 40, 41, 45, 46, 47, 48, 51, 52, 53, 54, 62, 63, 64, 65, 66, 67, 68, 69, 70, 71, 72, 73, 74, 75, 76, 85, 86, 87, 88, 89, 94, 98, 99, 102, 103, 104, 105, 106, 107, 108, 109, 111, 112, 113, 114, 120, 121, 124, 131, 132, 133, 134, 137, 138, 139, 140, 147, 148, 150, 151, 152, 158, 160, 162, 163, 164, 165, 166, 173, 174, 175, 177, 178, 179, 193], "summary": {"covered_lines": 81, "num_statements": 118, "percent_covered": 68.64406779661017, "percent_covered_display": "69", "missing_lines": 37, "excluded_lines": 0}, "missing_lines": [50, 77, 78, 84, 122, 135, 136, 202, 203, 204, 205, 217, 218, 219, 220, 221, 222, 223, 224, 225, 233, 235, 236, 238, 240, 241, 244, 247, 248, 249, 250, 253, 254, 255, 256, 258, 259], "excluded_lines": []}, "": {"executed_lines": [1, 2, 3, 4, 5, 6, 7, 8, 9, 11, 12, 14, 15, 19, 20, 29, 30, 32, 43, 56, 127, 195, 207, 227, 260, 261, 262, 264, 268, 270, 271, 272, 273, 274, 275, 276, 278, 281, 282, 284, 285, 287, 288, 289, 292, 293, 294, 297, 303, 304, 310, 312, 313, 315, 316, 317, 318, 320, 328], "summary": {"covered_lines": 58, "num_statements": 74, "percent_covered": 78.37837837837837, "percent_covered_display": "78", "missing_lines": 16, "excluded_lines": 2}, "missing_lines": [24, 25, 26, 279, 286, 325, 329, 330, 331, 332, 333, 334, 335, 336, 339, 340], "excluded_lines": [16, 17]}}}, "src/database_api/wavetap_api.py": {"executed_lines": [1, 3, 5, 7, 10, 11, 14, 15, 51, 52, 69, 70, 87, 88, 105, 106, 123], "summary": {"covered_lines": 16, "num_statements": 23, "percent_covered": 69.56521739130434, "percent_covered_display": "70", "missing_lines": 7, "excluded_lines": 0}, "missing_lines": [16, 48, 53, 71, 89, 107, 124], "excluded_lines": [], "functions": {"home": {"executed_lines": [], "summary": {"covered_lines": 0, "num_statements": 2, "percent_covered": 0.0, "percent_covered_display": "0", "missing_lines": 2, "excluded_lines": 0}, "missing_lines": [16, 48], "excluded_lines": []}, "vhf_dashboard": {"executed_lines": [], "summary": {"covered_lines": 0, "num_statements": 1, "percent_covered": 0.0, "percent_covered_display": "0", "missing_lines": 1, "excluded_lines": 0}, "missing_lines": [53], "excluded_lines": []}, "fm_dashboard": {"executed_lines": [], "summary": {"covered_lines": 0, "num_statements": 1, "percent_covered": 0.0, "percent_covered_display": "0", "missing_lines": 1, "excluded_lines": 0}, "missing_lines": [71], "excluded_lines": []}, "am_dashboard": {"executed_lines": [], "summary": {"covered_lines": 0, "num_statements": 1, "percent_covered": 0.0, "percent_covered_display": "0", "missing_lines": 1, "excluded_lines": 0}, "missing_lines": [89], "excluded_lines": []}, "other_dashboard": {"executed_lines": [], "summary": {"covered_lines": 0, "num_statements": 1, "percent_covered": 0.0, "percent_covered_display": "0", "missing_lines": 1, "excluded_lines": 0}, "missing_lines": [107], "excluded_lines": []}, "": {"executed_lines": [1, 3, 5, 7, 10, 11, 14, 15, 51, 52, 69, 70, 87, 88, 105, 106, 123], "summary": {"covered_lines": 16, "num_statements": 17, "percent_covered": 94.11764705882354, "percent_covered_display": "94", "missing_lines": 1, "excluded_lines": 0}, "missing_lines": [124], "excluded_lines": []}}, "classes": {"": {"executed_lines": [1, 3, 5, 7, 10, 11, 14, 15, 51, 52, 69, 70, 87, 88, 105, 106, 123], "summary": {"covered_lines": 16, "num_statements": 23, "percent_covered": 69.56521739130434, "percent_covered_display": "70", "missing_lines": 7, "excluded_lines": 0}, "missing_lines": [16, 48, 53, 71, 89, 107, 124], "excluded_lines": []}}}, "src/main.py": {"executed_lines": [1, 17, 19, 20, 21, 22, 23, 24, 25, 26, 27, 28, 29, 30, 32, 33, 34, 36, 37, 38, 39, 41, 43, 44, 45, 47, 48, 51, 52, 53, 55, 56, 57, 58, 59, 60, 61, 64, 65, 66, 68, 69, 70, 73, 74, 75, 77, 78, 79, 80, 83, 84, 85, 87, 88, 89, 92, 93, 94, 96, 97, 98, 101, 102, 103, 104, 105, 106, 109, 110, 111, 112, 120, 121, 122, 123, 124, 125, 131, 132, 133, 134, 135, 136, 142, 143, 144, 145, 146, 149, 152, 153, 154, 155, 156, 157, 158, 160, 161, 162, 163, 165, 166, 167, 168, 170, 180, 186, 193, 200, 241, 277, 307, 326, 327, 329, 330, 331, 332, 333, 334, 336, 339, 340, 342, 348, 349, 356, 357, 358, 360, 361, 362, 368, 378, 381, 382, 383, 384, 385, 386, 387, 389, 392, 393, 394, 396, 397, 398, 399, 401, 408, 409, 411, 412, 417, 418, 421, 422, 425, 426, 434, 435, 436, 437, 440, 443, 444, 445, 446, 447, 448, 450, 453], "summary": {"covered_lines": 167, "num_statements": 243, "percent_covered": 68.72427983539094, "percent_covered_display": "69", "missing_lines": 76, "excluded_lines": 4}, "missing_lines": [113, 114, 115, 116, 117, 126, 127, 128, 137, 138, 139, 207, 208, 218, 219, 226, 227, 228, 229, 230, 232, 233, 234, 235, 236, 238, 248, 249, 250, 252, 253, 254, 255, 257, 258, 259, 260, 261, 262, 263, 264, 266, 267, 268, 269, 270, 271, 272, 274, 284, 285, 286, 287, 289, 295, 296, 297, 299, 300, 301, 303, 304, 371, 372, 373, 374, 375, 376, 413, 414, 428, 429, 430, 431, 449, 454], "excluded_lines": [363, 364, 365, 366], "functions": {"_env_float": {"executed_lines": [110, 111, 112], "summary": {"covered_lines": 3, "num_statements": 8, "percent_covered": 37.5, "percent_covered_display": "38", "missing_lines": 5, "excluded_lines": 0}, "missing_lines": [113, 114, 115, 116, 117], "excluded_lines": []}, "_env_int": {"executed_lines": [121, 122, 123, 124, 125], "summary": {"covered_lines": 5, "num_statements": 8, "percent_covered": 62.5, "percent_covered_display": "62", "missing_lines": 3, "excluded_lines": 0}, "missing_lines": [126, 127, 128], "excluded_lines": []}, "_env_float_with_default": {"executed_lines": [132, 133, 134, 135, 136], "summary": {"covered_lines": 5, "num_statements": 8, "percent_covered": 62.5, "percent_covered_display": "62", "missing_lines": 3, "excluded_lines": 0}, "missing_lines": [137, 138, 139], "excluded_lines": []}, "_env_bool": {"executed_lines": [143, 144, 145, 146], "summary": {"covered_lines": 4, "num_statements": 4, "percent_covered": 100.0, "percent_covered_display": "100", "missing_lines": 0, "excluded_lines": 0}, "missing_lines": [], "excluded_lines": []}, "load_config": {"executed_lines": [152, 153, 154, 155, 156, 157, 158, 160, 161, 162, 163, 165, 166, 167, 168, 170, 180, 186, 193], "summary": {"covered_lines": 19, "num_statements": 19, "percent_covered": 100.0, "percent_covered_display": "100", "missing_lines": 0, "excluded_lines": 0}, "missing_lines": [], "excluded_lines": []}, "run_adsb_publisher_service": {"executed_lines": [], "summary": {"covered_lines": 0, "num_statements": 4, "percent_covered": 0.0, "percent_covered_display": "0", "missing_lines": 4, "excluded_lines": 0}, "missing_lines": [207, 208, 218, 238], "excluded_lines": []}, "run_adsb_publisher_service._runner": {"executed_lines": [], "summary": {"covered_lines": 0, "num_statements": 11, "percent_covered": 0.0, "percent_covered_display": "0", "missing_lines": 11, "excluded_lines": 0}, "missing_lines": [219, 226, 227, 228, 229, 230, 232, 233, 234, 235, 236], "excluded_lines": []}, "run_adsb_subscriber_service": {"executed_lines": [], "summary": {"covered_lines": 0, "num_statements": 6, "percent_covered": 0.0, "percent_covered_display": "0", "missing_lines": 6, "excluded_lines": 0}, "missing_lines": [248, 249, 250, 252, 257, 274], "excluded_lines": []}, "run_adsb_subscriber_service._periodic_saver": {"executed_lines": [], "summary": {"covered_lines": 0, "num_statements": 3, "percent_covered": 0.0, "percent_covered_display": "0", "missing_lines": 3, "excluded_lines": 0}, "missing_lines": [253, 254, 255], "excluded_lines": []}, "run_adsb_subscriber_service._runner": {"executed_lines": [], "summary": {"covered_lines": 0, "num_statements": 14, "percent_covered": 0.0, "percent_covered_display": "0", "missing_lines": 14, "excluded_lines": 0}, "missing_lines": [258, 259, 260, 261, 262, 263, 264, 266, 267, 268, 269, 270, 271, 272], "excluded_lines": []}, "run_api_service": {"executed_lines": [], "summary": {"covered_lines": 0, "num_statements": 13, "percent_covered": 0.0, "percent_covered_display": "0", "missing_lines": 13, "excluded_lines": 0}, "missing_lines": [284, 285, 286, 287, 289, 295, 296, 297, 299, 300, 301, 303, 304], "excluded_lines": []}, "WaveTapRuntime.__init__": {"executed_lines": [330, 331, 332, 333, 334], "summary": {"covered_lines": 5, "num_statements": 5, "percent_covered": 100.0, "percent_covered_display": "100", "missing_lines": 0, "excluded_lines": 0}, "missing_lines": [], "excluded_lines": []}, "WaveTapRuntime.start_all": {"executed_lines": [339, 340, 342, 348, 349, 356, 357, 358], "summary": {"covered_lines": 8, "num_statements": 8, "percent_covered": 100.0, "percent_covered_display": "100", "missing_lines": 0, "excluded_lines": 0}, "missing_lines": [], "excluded_lines": []}, "WaveTapRuntime._service_wrapper": {"executed_lines": [361, 362], "summary": {"covered_lines": 2, "num_statements": 2, "percent_covered": 100.0, "percent_covered_display": "100", "missing_lines": 0, "excluded_lines": 4}, "missing_lines": [], "excluded_lines": [363, 364, 365, 366]}, "WaveTapRuntime.block_forever": {"executed_lines": [], "summary": {"covered_lines": 0, "num_statements": 6, "percent_covered": 0.0, "percent_covered_display": "0", "missing_lines": 6, "excluded_lines": 0}, "missing_lines": [371, 372, 373, 374, 375, 376], "excluded_lines": []}, "WaveTapRuntime.stop_all": {"executed_lines": [381, 382, 383, 384, 385, 386, 387], "summary": {"covered_lines": 7, "num_statements": 7, "percent_covered": 100.0, "percent_covered_display": "100", "missing_lines": 0, "excluded_lines": 0}, "missing_lines": [], "excluded_lines": []}, "WaveTapRuntime.describe_services": {"executed_lines": [392, 393, 394, 396, 397, 398, 399], "summary": {"covered_lines": 7, "num_statements": 7, "percent_covered": 100.0, "percent_covered_display": "100", "missing_lines": 0, "excluded_lines": 0}, "missing_lines": [], "excluded_lines": []}, "WaveTapRuntime._export_metrics_on_shutdown": {"executed_lines": [408, 409, 411, 412, 417, 418, 421, 422, 425, 426], "summary": {"covered_lines": 10, "num_statements": 16, "percent_covered": 62.5, "percent_covered_display": "62", "missing_lines": 6, "excluded_lines": 0}, "missing_lines": [413, 414, 428, 429, 430, 431], "excluded_lines": []}, "configure_logging": {"executed_lines": [435, 436, 437], "summary": {"covered_lines": 3, "num_statements": 3, "percent_covered": 100.0, "percent_covered_display": "100", "missing_lines": 0, "excluded_lines": 0}, "missing_lines": [], "excluded_lines": []}, "main": {"executed_lines": [443, 444, 445, 446, 447, 448, 450], "summary": {"covered_lines": 7, "num_statements": 8, "percent_covered": 87.5, "percent_covered_display": "88", "missing_lines": 1, "excluded_lines": 0}, "missing_lines": [449], "excluded_lines": []}, "": {"executed_lines": [1, 17, 19, 20, 21, 22, 23, 24, 25, 26, 27, 28, 29, 30, 32, 33, 34, 36, 37, 38, 39, 41, 43, 44, 45, 47, 48, 51, 52, 53, 55, 56, 57, 58, 59, 60, 61, 64, 65, 66, 68, 69, 70, 73, 74, 75, 77, 78, 79, 80, 83, 84, 85, 87, 88, 89, 92, 93, 94, 96, 97, 98, 101, 102, 103, 104, 105, 106, 109, 120, 131, 142, 149, 200, 241, 277, 307, 326, 327, 329, 336, 360, 368, 378, 389, 401, 434, 440, 453], "summary": {"covered_lines": 82, "num_statements": 83, "percent_covered": 98.79518072289157, "percent_covered_display": "99", "missing_lines": 1, "excluded_lines": 0}, "missing_lines": [454], "excluded_lines": []}}, "classes": {"PublisherSettings": {"executed_lines": [], "summary": {"covered_lines": 0, "num_statements": 0, "percent_covered": 100.0, "percent_covered_display": "100", "missing_lines": 0, "excluded_lines": 0}, "missing_lines": [], "excluded_lines": []}, "SubscriberSettings": {"executed_lines": [], "summary": {"covered_lines": 0, "num_statements": 0, "percent_covered": 100.0, "percent_covered_display": "100", "missing_lines": 0, "excluded_lines": 0}, "missing_lines": [], "excluded_lines": []}, "ApiSettings": {"executed_lines": [], "summary": {"covered_lines": 0, "num_statements": 0, "percent_covered": 100.0, "percent_covered_display": "100", "missing_lines": 0, "excluded_lines": 0}, "missing_lines": [], "excluded_lines": []}, "WaveTapConfig": {"executed_lines": [], "summary": {"covered_lines": 0, "num_statements": 0, "percent_covered": 100.0, "percent_covered_display": "100", "missing_lines": 0, "excluded_lines": 0}, "missing_lines": [], "excluded_lines": []}, "ServiceDefinition": {"executed_lines": [], "summary": {"covered_lines": 0, "num_statements": 0, "percent_covered": 100.0, "percent_covered_display": "100", "missing_lines": 0, "excluded_lines": 0}, "missing_lines": [], "excluded_lines": []}, "ServiceHandle": {"executed_lines": [], "summary": {"covered_lines": 0, "num_statements": 0, "percent_covered": 100.0, "percent_covered_display": "100", "missing_lines": 0, "excluded_lines": 0}, "missing_lines": [], "excluded_lines": []}, "WaveTapRuntime": {"executed_lines": [330, 331, 332, 333, 334, 339, 340, 342, 348, 349, 356, 357, 358, 361, 362, 381, 382, 383, 384, 385, 386, 387, 392, 393, 394, 396, 397, 398, 399, 408, 409, 411, 412, 417, 418, 421, 422, 425, 426], "summary": {"covered_lines": 39, "num_statements": 51, "percent_covered": 76.47058823529412, "percent_covered_display": "76", "missing_lines": 12, "excluded_lines": 4}, "missing_lines": [371, 372, 373, 374, 375, 376, 413, 414, 428, 429, 430, 431], "excluded_lines": [363, 364, 365, 366]}, "": {"executed_lines": [1, 17, 19, 20, 21, 22, 23, 24, 25, 26, 27, 28, 29, 30, 32, 33, 34, 36, 37, 38, 39, 41, 43, 44, 45, 47, 48, 51, 52, 53, 55, 56, 57, 58, 59, 60, 61, 64, 65, 66, 68, 69, 70, 73, 74, 75, 77, 78, 79, 80, 83, 84, 85, 87, 88, 89, 92, 93, 94, 96, 97, 98, 101, 102, 103, 104, 105, 106, 109, 110, 111, 112, 120, 121, 122, 123, 124, 125, 131, 132, 133, 134, 135, 136, 142, 143, 144, 145, 146, 149, 152, 153, 154, 155, 156, 157, 158, 160, 161, 162, 163, 165, 166, 167, 168, 170, 180, 186, 193, 200, 241, 277, 307, 326, 327, 329, 336, 360, 368, 378, 389, 401, 434, 435, 436, 437, 440, 443, 444, 445, 446, 447, 448, 450, 453], "summary": {"covered_lines": 128, "num_statements": 192, "percent_covered": 66.66666666666667, "percent_covered_display": "67", "missing_lines": 64, "excluded_lines": 0}, "missing_lines": [113, 114, 115, 116, 117, 126, 127, 128, 137, 138, 139, 207, 208, 218, 219, 226, 227, 228, 229, 230, 232, 233, 234, 235, 236, 238, 248, 249, 250, 252, 253, 254, 255, 257, 258, 259, 260, 261, 262, 263, 264, 266, 267, 268, 269, 270, 271, 272, 274, 284, 285, 286, 287, 289, 295, 296, 297, 299, 300, 301, 303, 304, 449, 454], "excluded_lines": []}}}, "src/sdr_cap/adsb_publisher.py": {"executed_lines": [1, 2, 3, 4, 5, 6, 7, 8, 10, 11, 12, 14, 15, 26, 27, 33, 35, 49, 50, 51, 54, 57, 58, 59, 61, 62, 63, 64, 66, 67, 68, 71, 72, 73, 84, 85, 88, 95, 96, 97, 99, 100, 104, 105, 109, 110, 111, 115, 116, 117, 119, 120, 121, 122, 123, 124, 125, 126, 127, 128, 130, 140, 141, 143, 144, 147, 148, 150, 151, 152, 153, 154, 155, 156, 160, 176, 179, 180, 181, 182, 189, 194, 195, 196, 197, 198, 200, 201, 202, 203, 206, 207, 219, 222, 223, 224, 226, 227, 228, 229, 230, 231, 232, 233, 234, 235, 236, 237, 238, 239, 246, 250, 257, 260, 261, 266, 267, 268, 269, 270, 271, 272, 273, 274, 275, 276, 277, 278, 280, 284, 285, 286, 288, 290, 295, 296, 297, 298, 299, 302, 303, 304, 305, 306, 307, 308, 309, 311, 313, 319, 320, 322, 323, 324, 325, 326, 331, 334, 339, 341, 343, 344, 346, 347, 349, 351, 363, 383, 390, 392, 393, 396, 399, 405, 411, 417, 437, 448, 459, 471, 492], "summary": {"covered_lines": 179, "num_statements": 298, "percent_covered": 60.06711409395973, "percent_covered_display": "60", "missing_lines": 119, "excluded_lines": 0}, "missing_lines": [20, 21, 22, 23, 36, 37, 38, 39, 40, 41, 42, 43, 44, 45, 46, 47, 52, 53, 55, 69, 74, 75, 76, 77, 78, 79, 81, 82, 86, 87, 89, 90, 91, 92, 93, 101, 102, 103, 106, 107, 108, 112, 113, 114, 157, 162, 163, 168, 169, 199, 204, 220, 225, 327, 328, 330, 358, 359, 360, 361, 373, 374, 375, 376, 377, 378, 379, 380, 381, 400, 401, 402, 406, 407, 408, 412, 413, 414, 418, 419, 424, 425, 426, 427, 433, 434, 438, 439, 440, 441, 442, 443, 444, 445, 449, 450, 451, 452, 453, 454, 455, 456, 460, 472, 473, 482, 483, 484, 486, 487, 489, 493, 494, 495, 496, 497, 498, 501, 502], "excluded_lines": [], "functions": {"ADSBClient.__init__": {"executed_lines": [], "summary": {"covered_lines": 0, "num_statements": 12, "percent_covered": 0.0, "percent_covered_display": "0", "missing_lines": 12, "excluded_lines": 0}, "missing_lines": [36, 37, 38, 39, 40, 41, 42, 43, 44, 45, 46, 47], "excluded_lines": []}, "ADSBClient._update_position": {"executed_lines": [50, 51, 54, 57, 58, 59, 61, 62, 63, 64, 66, 67, 68, 71, 72, 73, 84, 85, 88, 95, 96, 97], "summary": {"covered_lines": 22, "num_statements": 41, "percent_covered": 53.65853658536585, "percent_covered_display": "54", "missing_lines": 19, "excluded_lines": 0}, "missing_lines": [52, 53, 55, 69, 74, 75, 76, 77, 78, 79, 81, 82, 86, 87, 89, 90, 91, 92, 93], "excluded_lines": []}, "ADSBClient._annotate_distance": {"executed_lines": [100, 104, 105, 109, 110, 111, 115, 116, 117], "summary": {"covered_lines": 9, "num_statements": 18, "percent_covered": 50.0, "percent_covered_display": "50", "missing_lines": 9, "excluded_lines": 0}, "missing_lines": [101, 102, 103, 106, 107, 108, 112, 113, 114], "excluded_lines": []}, "ADSBClient._haversine_nm": {"executed_lines": [121, 122, 123, 124, 125, 126, 127, 128], "summary": {"covered_lines": 8, "num_statements": 8, "percent_covered": 100.0, "percent_covered_display": "100", "missing_lines": 0, "excluded_lines": 0}, "missing_lines": [], "excluded_lines": []}, "ADSBClient._check_and_record_assembly_complete": {"executed_lines": [140, 141, 143, 144, 147, 148, 150, 151, 152, 153, 154, 155, 156, 160, 176, 179, 180, 181, 182], "summary": {"covered_lines": 19, "num_statements": 24, "percent_covered": 79.16666666666667, "percent_covered_display": "79", "missing_lines": 5, "excluded_lines": 0}, "missing_lines": [157, 162, 163, 168, 169], "excluded_lines": []}, "ADSBClient.handle_messages": {"executed_lines": [194, 195, 196, 197, 198, 200, 201, 202, 203, 206, 207, 219, 222, 223, 224, 226, 227, 228, 229, 230, 231, 232, 233, 234, 235, 236, 237, 238, 239, 246], "summary": {"covered_lines": 30, "num_statements": 34, "percent_covered": 88.23529411764706, "percent_covered_display": "88", "missing_lines": 4, "excluded_lines": 0}, "missing_lines": [199, 204, 220, 225], "excluded_lines": []}, "ADSBClient.get_incomplete_message_count": {"executed_lines": [257], "summary": {"covered_lines": 1, "num_statements": 1, "percent_covered": 100.0, "percent_covered_display": "100", "missing_lines": 0, "excluded_lines": 0}, "missing_lines": [], "excluded_lines": []}, "ADSBPublisher.__init__": {"executed_lines": [267, 268, 269, 270, 271, 272, 273, 274, 275, 276, 277, 278], "summary": {"covered_lines": 12, "num_statements": 12, "percent_covered": 100.0, "percent_covered_display": "100", "missing_lines": 0, "excluded_lines": 0}, "missing_lines": [], "excluded_lines": []}, "ADSBPublisher.handler": {"executed_lines": [284, 285, 286, 288], "summary": {"covered_lines": 4, "num_statements": 4, "percent_covered": 100.0, "percent_covered_display": "100", "missing_lines": 0, "excluded_lines": 0}, "missing_lines": [], "excluded_lines": []}, "ADSBPublisher.publish_data": {"executed_lines": [295, 296, 297, 298, 299, 302, 303, 304, 305, 306, 307, 308, 309, 311], "summary": {"covered_lines": 14, "num_statements": 14, "percent_covered": 100.0, "percent_covered_display": "100", "missing_lines": 0, "excluded_lines": 0}, "missing_lines": [], "excluded_lines": []}, "ADSBPublisher.run": {"executed_lines": [319, 320, 322, 323, 324, 325, 326, 331], "summary": {"covered_lines": 8, "num_statements": 11, "percent_covered": 72.72727272727273, "percent_covered_display": "73", "missing_lines": 3, "excluded_lines": 0}, "missing_lines": [327, 328, 330], "excluded_lines": []}, "ADSBPublisher.close": {"executed_lines": [339, 341, 343, 344, 346, 347, 349], "summary": {"covered_lines": 7, "num_statements": 7, "percent_covered": 100.0, "percent_covered_display": "100", "missing_lines": 0, "excluded_lines": 0}, "missing_lines": [], "excluded_lines": []}, "ADSBPublisher.get_tcp_metrics": {"executed_lines": [], "summary": {"covered_lines": 0, "num_statements": 4, "percent_covered": 0.0, "percent_covered_display": "0", "missing_lines": 4, "excluded_lines": 0}, "missing_lines": [358, 359, 360, 361], "excluded_lines": []}, "ADSBPublisher.export_tcp_metrics": {"executed_lines": [], "summary": {"covered_lines": 0, "num_statements": 9, "percent_covered": 0.0, "percent_covered_display": "0", "missing_lines": 9, "excluded_lines": 0}, "missing_lines": [373, 374, 375, 376, 377, 378, 379, 380, 381], "excluded_lines": []}, "ADSBPublisher._export_metrics_on_shutdown": {"executed_lines": [390, 392, 393, 396, 399, 405, 411, 417], "summary": {"covered_lines": 8, "num_statements": 25, "percent_covered": 32.0, "percent_covered_display": "32", "missing_lines": 17, "excluded_lines": 0}, "missing_lines": [400, 401, 402, 406, 407, 408, 412, 413, 414, 418, 419, 424, 425, 426, 427, 433, 434], "excluded_lines": []}, "_env_float": {"executed_lines": [], "summary": {"covered_lines": 0, "num_statements": 8, "percent_covered": 0.0, "percent_covered_display": "0", "missing_lines": 8, "excluded_lines": 0}, "missing_lines": [438, 439, 440, 441, 442, 443, 444, 445], "excluded_lines": []}, "_env_int": {"executed_lines": [], "summary": {"covered_lines": 0, "num_statements": 8, "percent_covered": 0.0, "percent_covered_display": "0", "missing_lines": 8, "excluded_lines": 0}, "missing_lines": [449, 450, 451, 452, 453, 454, 455, 456], "excluded_lines": []}, "_load_config_from_env": {"executed_lines": [], "summary": {"covered_lines": 0, "num_statements": 1, "percent_covered": 0.0, "percent_covered_display": "0", "missing_lines": 1, "excluded_lines": 0}, "missing_lines": [460], "excluded_lines": []}, "main": {"executed_lines": [], "summary": {"covered_lines": 0, "num_statements": 8, "percent_covered": 0.0, "percent_covered_display": "0", "missing_lines": 8, "excluded_lines": 0}, "missing_lines": [472, 473, 482, 483, 484, 486, 487, 489], "excluded_lines": []}, "": {"executed_lines": [1, 2, 3, 4, 5, 6, 7, 8, 10, 11, 12, 14, 15, 26, 27, 33, 35, 49, 99, 119, 120, 130, 189, 250, 260, 261, 266, 280, 290, 313, 334, 351, 363, 383, 437, 448, 459, 471, 492], "summary": {"covered_lines": 37, "num_statements": 49, "percent_covered": 75.51020408163265, "percent_covered_display": "76", "missing_lines": 12, "excluded_lines": 0}, "missing_lines": [20, 21, 22, 23, 493, 494, 495, 496, 497, 498, 501, 502], "excluded_lines": []}}, "classes": {"ADSBClient": {"executed_lines": [50, 51, 54, 57, 58, 59, 61, 62, 63, 64, 66, 67, 68, 71, 72, 73, 84, 85, 88, 95, 96, 97, 100, 104, 105, 109, 110, 111, 115, 116, 117, 121, 122, 123, 124, 125, 126, 127, 128, 140, 141, 143, 144, 147, 148, 150, 151, 152, 153, 154, 155, 156, 160, 176, 179, 180, 181, 182, 194, 195, 196, 197, 198, 200, 201, 202, 203, 206, 207, 219, 222, 223, 224, 226, 227, 228, 229, 230, 231, 232, 233, 234, 235, 236, 237, 238, 239, 246, 257], "summary": {"covered_lines": 89, "num_statements": 138, "percent_covered": 64.4927536231884, "percent_covered_display": "64", "missing_lines": 49, "excluded_lines": 0}, "missing_lines": [36, 37, 38, 39, 40, 41, 42, 43, 44, 45, 46, 47, 52, 53, 55, 69, 74, 75, 76, 77, 78, 79, 81, 82, 86, 87, 89, 90, 91, 92, 93, 101, 102, 103, 106, 107, 108, 112, 113, 114, 157, 162, 163, 168, 169, 199, 204, 220, 225], "excluded_lines": []}, "ADSBPublisher": {"executed_lines": [267, 268, 269, 270, 271, 272, 273, 274, 275, 276, 277, 278, 284, 285, 286, 288, 295, 296, 297, 298, 299, 302, 303, 304, 305, 306, 307, 308, 309, 311, 319, 320, 322, 323, 324, 325, 326, 331, 339, 341, 343, 344, 346, 347, 349, 390, 392, 393, 396, 399, 405, 411, 417], "summary": {"covered_lines": 53, "num_statements": 86, "percent_covered": 61.627906976744185, "percent_covered_display": "62", "missing_lines": 33, "excluded_lines": 0}, "missing_lines": [327, 328, 330, 358, 359, 360, 361, 373, 374, 375, 376, 377, 378, 379, 380, 381, 400, 401, 402, 406, 407, 408, 412, 413, 414, 418, 419, 424, 425, 426, 427, 433, 434], "excluded_lines": []}, "": {"executed_lines": [1, 2, 3, 4, 5, 6, 7, 8, 10, 11, 12, 14, 15, 26, 27, 33, 35, 49, 99, 119, 120, 130, 189, 250, 260, 261, 266, 280, 290, 313, 334, 351, 363, 383, 437, 448, 459, 471, 492], "summary": {"covered_lines": 37, "num_statements": 74, "percent_covered": 50.0, "percent_covered_display": "50", "missing_lines": 37, "excluded_lines": 0}, "missing_lines": [20, 21, 22, 23, 438, 439, 440, 441, 442, 443, 444, 445, 449, 450, 451, 452, 453, 454, 455, 456, 460, 472, 473, 482, 483, 484, 486, 487, 489, 493, 494, 495, 496, 497, 498, 501, 502], "excluded_lines": []}}}, "src/utilities/metrics.py": {"executed_lines": [1, 9, 10, 11, 12, 13, 14, 15, 16, 18, 21, 22, 23, 25, 26, 27, 28, 31, 32, 40, 47, 48, 49, 50, 51, 53, 54, 62, 63, 64, 66, 67, 68, 73, 74, 75, 77, 79, 80, 82, 83, 84, 86, 88, 96, 97, 98, 99, 102, 103, 104, 105, 106, 108, 109, 110, 112, 113, 116, 117, 122, 123, 124, 127, 128, 129, 132, 137, 138, 139, 143, 145, 146, 147, 149, 156, 159, 160, 161, 163, 164, 171, 172, 174, 183, 185, 187, 188, 190, 192, 193, 195, 197, 199, 210, 211, 216, 217, 218, 219, 220, 224, 226, 228, 229, 230, 231, 232, 236, 239, 253, 254, 256, 259, 260, 261, 263, 264, 265, 266, 269, 270, 276, 283, 284, 285, 286, 288, 305, 306, 308, 309, 316, 317, 319, 326, 328, 333, 340, 341, 342, 350, 351, 353, 361, 372, 373, 378, 379, 380, 381, 382, 386, 388, 390, 391, 392, 396, 399, 413, 414, 416, 419, 420, 421, 423, 424, 425, 426, 427, 428, 429, 432, 433, 440, 447, 448, 449, 450, 452, 453, 460, 461, 462, 463, 467, 474, 475, 476, 477, 478, 479, 487, 488, 498, 499, 501, 512, 514, 516, 517, 519, 521, 522, 524, 531, 532, 533, 544, 545, 546, 548, 559, 570, 571, 576, 577, 578, 579, 580, 584, 586, 588, 589, 590, 594, 597, 611, 612, 614], "summary": {"covered_lines": 223, "num_statements": 258, "percent_covered": 86.43410852713178, "percent_covered_display": "86", "missing_lines": 35, "excluded_lines": 0}, "missing_lines": [89, 90, 91, 92, 93, 118, 119, 120, 121, 125, 126, 130, 131, 133, 134, 135, 136, 140, 141, 221, 222, 330, 331, 383, 384, 464, 465, 480, 481, 482, 483, 484, 485, 581, 582], "excluded_lines": [], "functions": {"DroppedTCPPacketsCollector.__init__": {"executed_lines": [47, 48, 49, 50, 51], "summary": {"covered_lines": 5, "num_statements": 5, "percent_covered": 100.0, "percent_covered_display": "100", "missing_lines": 0, "excluded_lines": 0}, "missing_lines": [], "excluded_lines": []}, "DroppedTCPPacketsCollector._read_tcp_stats_from_proc": {"executed_lines": [62, 63, 64, 66, 67, 68, 73, 74, 75, 77, 79, 80, 82, 83, 84, 86, 88, 96, 97, 98, 99, 102, 103, 104, 105, 106, 108, 109, 110, 112, 113, 116, 117, 122, 123, 124, 127, 128, 129, 132, 137, 138, 139, 143, 145, 146, 147], "summary": {"covered_lines": 47, "num_statements": 66, "percent_covered": 71.21212121212122, "percent_covered_display": "71", "missing_lines": 19, "excluded_lines": 0}, "missing_lines": [89, 90, 91, 92, 93, 118, 119, 120, 121, 125, 126, 130, 131, 133, 134, 135, 136, 140, 141], "excluded_lines": []}, "DroppedTCPPacketsCollector.collect": {"executed_lines": [156, 159, 160, 161, 163, 164, 171, 172, 174, 183], "summary": {"covered_lines": 10, "num_statements": 10, "percent_covered": 100.0, "percent_covered_display": "100", "missing_lines": 0, "excluded_lines": 0}, "missing_lines": [], "excluded_lines": []}, "DroppedTCPPacketsCollector.get_history": {"executed_lines": [187, 188], "summary": {"covered_lines": 2, "num_statements": 2, "percent_covered": 100.0, "percent_covered_display": "100", "missing_lines": 0, "excluded_lines": 0}, "missing_lines": [], "excluded_lines": []}, "DroppedTCPPacketsCollector.get_latest": {"executed_lines": [192, 193], "summary": {"covered_lines": 2, "num_statements": 2, "percent_covered": 100.0, "percent_covered_display": "100", "missing_lines": 0, "excluded_lines": 0}, "missing_lines": [], "excluded_lines": []}, "DroppedTCPPacketsCollector.get_delta_dropped": {"executed_lines": [197], "summary": {"covered_lines": 1, "num_statements": 1, "percent_covered": 100.0, "percent_covered_display": "100", "missing_lines": 0, "excluded_lines": 0}, "missing_lines": [], "excluded_lines": []}, "DroppedTCPPacketsCollector.export_to_json": {"executed_lines": [210, 211, 216, 217, 218, 219, 220, 224], "summary": {"covered_lines": 8, "num_statements": 10, "percent_covered": 80.0, "percent_covered_display": "80", "missing_lines": 2, "excluded_lines": 0}, "missing_lines": [221, 222], "excluded_lines": []}, "DroppedTCPPacketsCollector.clear_history": {"executed_lines": [228, 229, 230, 231, 232], "summary": {"covered_lines": 5, "num_statements": 5, "percent_covered": 100.0, "percent_covered_display": "100", "missing_lines": 0, "excluded_lines": 0}, "missing_lines": [], "excluded_lines": []}, "get_tcp_collector": {"executed_lines": [253, 254, 256], "summary": {"covered_lines": 3, "num_statements": 3, "percent_covered": 100.0, "percent_covered_display": "100", "missing_lines": 0, "excluded_lines": 0}, "missing_lines": [], "excluded_lines": []}, "ADSBMessageAssemblyCollector.__init__": {"executed_lines": [283, 284, 285, 286], "summary": {"covered_lines": 4, "num_statements": 4, "percent_covered": 100.0, "percent_covered_display": "100", "missing_lines": 0, "excluded_lines": 0}, "missing_lines": [], "excluded_lines": []}, "ADSBMessageAssemblyCollector.record_assembly_complete": {"executed_lines": [305, 306, 308, 309, 316, 317, 319, 326], "summary": {"covered_lines": 8, "num_statements": 8, "percent_covered": 100.0, "percent_covered_display": "100", "missing_lines": 0, "excluded_lines": 0}, "missing_lines": [], "excluded_lines": []}, "ADSBMessageAssemblyCollector.get_history": {"executed_lines": [], "summary": {"covered_lines": 0, "num_statements": 2, "percent_covered": 0.0, "percent_covered_display": "0", "missing_lines": 2, "excluded_lines": 0}, "missing_lines": [330, 331], "excluded_lines": []}, "ADSBMessageAssemblyCollector.get_statistics": {"executed_lines": [340, 341, 342, 350, 351, 353], "summary": {"covered_lines": 6, "num_statements": 6, "percent_covered": 100.0, "percent_covered_display": "100", "missing_lines": 0, "excluded_lines": 0}, "missing_lines": [], "excluded_lines": []}, "ADSBMessageAssemblyCollector.export_to_json": {"executed_lines": [372, 373, 378, 379, 380, 381, 382, 386], "summary": {"covered_lines": 8, "num_statements": 10, "percent_covered": 80.0, "percent_covered_display": "80", "missing_lines": 2, "excluded_lines": 0}, "missing_lines": [383, 384], "excluded_lines": []}, "ADSBMessageAssemblyCollector.clear_history": {"executed_lines": [390, 391, 392], "summary": {"covered_lines": 3, "num_statements": 3, "percent_covered": 100.0, "percent_covered_display": "100", "missing_lines": 0, "excluded_lines": 0}, "missing_lines": [], "excluded_lines": []}, "get_assembly_collector": {"executed_lines": [413, 414, 416], "summary": {"covered_lines": 3, "num_statements": 3, "percent_covered": 100.0, "percent_covered_display": "100", "missing_lines": 0, "excluded_lines": 0}, "missing_lines": [], "excluded_lines": []}, "SystemResourceCollector.__init__": {"executed_lines": [447, 448, 449, 450], "summary": {"covered_lines": 4, "num_statements": 4, "percent_covered": 100.0, "percent_covered_display": "100", "missing_lines": 0, "excluded_lines": 0}, "missing_lines": [], "excluded_lines": []}, "SystemResourceCollector._get_os_info": {"executed_lines": [460, 461, 462, 463], "summary": {"covered_lines": 4, "num_statements": 6, "percent_covered": 66.66666666666667, "percent_covered_display": "67", "missing_lines": 2, "excluded_lines": 0}, "missing_lines": [464, 465], "excluded_lines": []}, "SystemResourceCollector.collect": {"executed_lines": [474, 475, 476, 477, 478, 479, 487, 488, 498, 499, 501, 512], "summary": {"covered_lines": 12, "num_statements": 18, "percent_covered": 66.66666666666667, "percent_covered_display": "67", "missing_lines": 6, "excluded_lines": 0}, "missing_lines": [480, 481, 482, 483, 484, 485], "excluded_lines": []}, "SystemResourceCollector.get_history": {"executed_lines": [516, 517], "summary": {"covered_lines": 2, "num_statements": 2, "percent_covered": 100.0, "percent_covered_display": "100", "missing_lines": 0, "excluded_lines": 0}, "missing_lines": [], "excluded_lines": []}, "SystemResourceCollector.get_latest": {"executed_lines": [521, 522], "summary": {"covered_lines": 2, "num_statements": 2, "percent_covered": 100.0, "percent_covered_display": "100", "missing_lines": 0, "excluded_lines": 0}, "missing_lines": [], "excluded_lines": []}, "SystemResourceCollector.get_statistics": {"executed_lines": [531, 532, 533, 544, 545, 546, 548], "summary": {"covered_lines": 7, "num_statements": 7, "percent_covered": 100.0, "percent_covered_display": "100", "missing_lines": 0, "excluded_lines": 0}, "missing_lines": [], "excluded_lines": []}, "SystemResourceCollector.export_to_json": {"executed_lines": [570, 571, 576, 577, 578, 579, 580, 584], "summary": {"covered_lines": 8, "num_statements": 10, "percent_covered": 80.0, "percent_covered_display": "80", "missing_lines": 2, "excluded_lines": 0}, "missing_lines": [581, 582], "excluded_lines": []}, "SystemResourceCollector.clear_history": {"executed_lines": [588, 589, 590], "summary": {"covered_lines": 3, "num_statements": 3, "percent_covered": 100.0, "percent_covered_display": "100", "missing_lines": 0, "excluded_lines": 0}, "missing_lines": [], "excluded_lines": []}, "get_system_resource_collector": {"executed_lines": [611, 612, 614], "summary": {"covered_lines": 3, "num_statements": 3, "percent_covered": 100.0, "percent_covered_display": "100", "missing_lines": 0, "excluded_lines": 0}, "missing_lines": [], "excluded_lines": []}, "": {"executed_lines": [1, 9, 10, 11, 12, 13, 14, 15, 16, 18, 21, 22, 23, 25, 26, 27, 28, 31, 32, 40, 53, 54, 149, 185, 190, 195, 199, 226, 236, 239, 259, 260, 261, 263, 264, 265, 266, 269, 270, 276, 288, 328, 333, 361, 388, 396, 399, 419, 420, 421, 423, 424, 425, 426, 427, 428, 429, 432, 433, 440, 452, 453, 467, 514, 519, 524, 559, 586, 594, 597], "summary": {"covered_lines": 63, "num_statements": 63, "percent_covered": 100.0, "percent_covered_display": "100", "missing_lines": 0, "excluded_lines": 0}, "missing_lines": [], "excluded_lines": []}}, "classes": {"TCPMetricSnapshot": {"executed_lines": [], "summary": {"covered_lines": 0, "num_statements": 0, "percent_covered": 100.0, "percent_covered_display": "100", "missing_lines": 0, "excluded_lines": 0}, "missing_lines": [], "excluded_lines": []}, "DroppedTCPPacketsCollector": {"executed_lines": [47, 48, 49, 50, 51, 62, 63, 64, 66, 67, 68, 73, 74, 75, 77, 79, 80, 82, 83, 84, 86, 88, 96, 97, 98, 99, 102, 103, 104, 105, 106, 108, 109, 110, 112, 113, 116, 117, 122, 123, 124, 127, 128, 129, 132, 137, 138, 139, 143, 145, 146, 147, 156, 159, 160, 161, 163, 164, 171, 172, 174, 183, 187, 188, 192, 193, 197, 210, 211, 216, 217, 218, 219, 220, 224, 228, 229, 230, 231, 232], "summary": {"covered_lines": 80, "num_statements": 101, "percent_covered": 79.20792079207921, "percent_covered_display": "79", "missing_lines": 21, "excluded_lines": 0}, "missing_lines": [89, 90, 91, 92, 93, 118, 119, 120, 121, 125, 126, 130, 131, 133, 134, 135, 136, 140, 141, 221, 222], "excluded_lines": []}, "MessageAssemblySnapshot": {"executed_lines": [], "summary": {"covered_lines": 0, "num_statements": 0, "percent_covered": 100.0, "percent_covered_display": "100", "missing_lines": 0, "excluded_lines": 0}, "missing_lines": [], "excluded_lines": []}, "ADSBMessageAssemblyCollector": {"executed_lines": [283, 284, 285, 286, 305, 306, 308, 309, 316, 317, 319, 326, 340, 341, 342, 350, 351, 353, 372, 373, 378, 379, 380, 381, 382, 386, 390, 391, 392], "summary": {"covered_lines": 29, "num_statements": 33, "percent_covered": 87.87878787878788, "percent_covered_display": "88", "missing_lines": 4, "excluded_lines": 0}, "missing_lines": [330, 331, 383, 384], "excluded_lines": []}, "SystemResourceSnapshot": {"executed_lines": [], "summary": {"covered_lines": 0, "num_statements": 0, "percent_covered": 100.0, "percent_covered_display": "100", "missing_lines": 0, "excluded_lines": 0}, "missing_lines": [], "excluded_lines": []}, "SystemResourceCollector": {"executed_lines": [447, 448, 449, 450, 460, 461, 462, 463, 474, 475, 476, 477, 478, 479, 487, 488, 498, 499, 501, 512, 516, 517, 521, 522, 531, 532, 533, 544, 545, 546, 548, 570, 571, 576, 577, 578, 579, 580, 584, 588, 589, 590], "summary": {"covered_lines": 42, "num_statements": 52, "percent_covered": 80.76923076923077, "percent_covered_display": "81", "missing_lines": 10, "excluded_lines": 0}, "missing_lines": [464, 465, 480, 481, 482, 483, 484, 485, 581, 582], "excluded_lines": []}, "": {"executed_lines": [1, 9, 10, 11, 12, 13, 14, 15, 16, 18, 21, 22, 23, 25, 26, 27, 28, 31, 32, 40, 53, 54, 149, 185, 190, 195, 199, 226, 236, 239, 253, 254, 256, 259, 260, 261, 263, 264, 265, 266, 269, 270, 276, 288, 328, 333, 361, 388, 396, 399, 413, 414, 416, 419, 420, 421, 423, 424, 425, 426, 427, 428, 429, 432, 433, 440, 452, 453, 467, 514, 519, 524, 559, 586, 594, 597, 611, 612, 614], "summary": {"covered_lines": 72, "num_statements": 72, "percent_covered": 100.0, "percent_covered_display": "100", "missing_lines": 0, "excluded_lines": 0}, "missing_lines": [], "excluded_lines": []}}}}, "totals": {"covered_lines": 984, "num_statements": 1399, "percent_covered": 70.33595425303788, "percent_covered_display": "70", "missing_lines": 415, "excluded_lines": 17}}